# JRE version: OpenJDK Runtime Environment Temurin-21.0.4+7 (21.0.4+7) (build 21.0.4+7-LTS)
# Java VM: OpenJDK 64-Bit Server VM Temurin-21.0.4+7 (21.0.4+7-LTS, mixed mode, sharing, tiered, compressed oops, compressed class ptrs, g1 gc, windows-amd64)
GC Precious Log:
 CardTable entry size: 512
 Card Set container configuration: InlinePtr #cards 5 size 8 Array Of Cards #cards 12 size 40 Howl #buckets 4 coarsen threshold 1843 Howl Bitmap #cards 512 size 80 coarsen threshold 460 Card regions per heap region 1 cards per card region 2048
 CPUs: 8 total, 8 available
 Memory: 8022M
 Large Page Support: Disabled
 NUMA Support: Disabled
 Compressed Oops: Enabled (32-bit)
 Heap Region Size: 1M
 Heap Min Capacity: 8M
 Heap Initial Capacity: 126M
 Heap Max Capacity: 2006M
 Pre-touch: Disabled
 Parallel Workers: 8
 Concurrent Workers: 2
 Concurrent Refinement Workers: 8
 Periodic GC: Disabled
Heap:
 garbage-first heap   total 41984K, used 34889K [0x0000000082a00000, 0x0000000100000000)
  region size 1024K, 19 young (19456K), 1 survivors (1024K)
 Metaspace       used 44986K, committed 45824K, reserved 1114112K
  class space    used 5857K, committed 6208K, reserved 1048576K
GC Heap History (20 events):
Event: 21827.586 GC heap before
{Heap before GC invocations=22 (full 0):
 garbage-first heap   total 41984K, used 36663K [0x0000000082a00000, 0x0000000100000000)
  region size 1024K, 19 young (19456K), 1 survivors (1024K)
 Metaspace       used 44868K, committed 45760K, reserved 1114112K
  class space    used 5831K, committed 6208K, reserved 1048576K
}
Event: 21827.689 GC heap after
{Heap after GC invocations=23 (full 0):
 garbage-first heap   total 41984K, used 18217K [0x0000000082a00000, 0x0000000100000000)
  region size 1024K, 1 young (1024K), 1 survivors (1024K)
 Metaspace       used 44868K, committed 45760K, reserved 1114112K
  class space    used 5831K, committed 6208K, reserved 1048576K
}
Event: 24689.595 GC heap before
{Heap before GC invocations=23 (full 0):
 garbage-first heap   total 41984K, used 36649K [0x0000000082a00000, 0x0000000100000000)
  region size 1024K, 19 young (19456K), 1 survivors (1024K)
 Metaspace       used 44868K, committed 45760K, reserved 1114112K
  class space    used 5831K, committed 6208K, reserved 1048576K
}
Event: 24689.713 GC heap after
{Heap after GC invocations=24 (full 0):
 garbage-first heap   total 41984K, used 17648K [0x0000000082a00000, 0x0000000100000000)
  region size 1024K, 1 young (1024K), 1 survivors (1024K)
 Metaspace       used 44868K, committed 45760K, reserved 1114112K
  class space    used 5831K, committed 6208K, reserved 1048576K
}
Event: 27714.795 GC heap before
{Heap before GC invocations=24 (full 0):
 garbage-first heap   total 41984K, used 37104K [0x0000000082a00000, 0x0000000100000000)
  region size 1024K, 20 young (20480K), 1 survivors (1024K)
 Metaspace       used 44868K, committed 45760K, reserved 1114112K
  class space    used 5831K, committed 6208K, reserved 1048576K
}
Event: 27714.867 GC heap after
{Heap after GC invocations=25 (full 0):
 garbage-first heap   total 41984K, used 17686K [0x0000000082a00000, 0x0000000100000000)
  region size 1024K, 1 young (1024K), 1 survivors (1024K)
 Metaspace       used 44868K, committed 45760K, reserved 1114112K
  class space    used 5831K, committed 6208K, reserved 1048576K
}
Event: 30837.859 GC heap before
{Heap before GC invocations=26 (full 0):
 garbage-first heap   total 41984K, used 37142K [0x0000000082a00000, 0x0000000100000000)
  region size 1024K, 20 young (20480K), 1 survivors (1024K)
 Metaspace       used 44868K, committed 45760K, reserved 1114112K
  class space    used 5831K, committed 6208K, reserved 1048576K
}
Event: 30837.930 GC heap after
{Heap after GC invocations=27 (full 0):
 garbage-first heap   total 41984K, used 17679K [0x0000000082a00000, 0x0000000100000000)
  region size 1024K, 1 young (1024K), 1 survivors (1024K)
 Metaspace       used 44868K, committed 45760K, reserved 1114112K
  class space    used 5831K, committed 6208K, reserved 1048576K
}
Event: 33961.973 GC heap before
{Heap before GC invocations=27 (full 0):
 garbage-first heap   total 41984K, used 37135K [0x0000000082a00000, 0x0000000100000000)
  region size 1024K, 20 young (20480K), 1 survivors (1024K)
 Metaspace       used 44869K, committed 45760K, reserved 1114112K
  class space    used 5832K, committed 6208K, reserved 1048576K
}
Event: 33962.081 GC heap after
{Heap after GC invocations=28 (full 0):
 garbage-first heap   total 41984K, used 17469K [0x0000000082a00000, 0x0000000100000000)
  region size 1024K, 1 young (1024K), 1 survivors (1024K)
 Metaspace       used 44869K, committed 45760K, reserved 1114112K
  class space    used 5832K, committed 6208K, reserved 1048576K
}
Event: 37096.561 GC heap before
{Heap before GC invocations=28 (full 0):
 garbage-first heap   total 41984K, used 36925K [0x0000000082a00000, 0x0000000100000000)
  region size 1024K, 20 young (20480K), 1 survivors (1024K)
 Metaspace       used 44869K, committed 45760K, reserved 1114112K
  class space    used 5832K, committed 6208K, reserved 1048576K
}
Event: 37096.648 GC heap after
{Heap after GC invocations=29 (full 0):
 garbage-first heap   total 41984K, used 17457K [0x0000000082a00000, 0x0000000100000000)
  region size 1024K, 1 young (1024K), 1 survivors (1024K)
 Metaspace       used 44869K, committed 45760K, reserved 1114112K
  class space    used 5832K, committed 6208K, reserved 1048576K
}
Event: 40228.822 GC heap before
{Heap before GC invocations=30 (full 0):
 garbage-first heap   total 41984K, used 36913K [0x0000000082a00000, 0x0000000100000000)
  region size 1024K, 20 young (20480K), 1 survivors (1024K)
 Metaspace       used 44869K, committed 45760K, reserved 1114112K
  class space    used 5832K, committed 6208K, reserved 1048576K
}
Event: 40228.907 GC heap after
{Heap after GC invocations=31 (full 0):
 garbage-first heap   total 41984K, used 17469K [0x0000000082a00000, 0x0000000100000000)
  region size 1024K, 1 young (1024K), 1 survivors (1024K)
 Metaspace       used 44869K, committed 45760K, reserved 1114112K
  class space    used 5832K, committed 6208K, reserved 1048576K
}
Event: 43352.409 GC heap before
{Heap before GC invocations=31 (full 0):
 garbage-first heap   total 41984K, used 36925K [0x0000000082a00000, 0x0000000100000000)
  region size 1024K, 20 young (20480K), 1 survivors (1024K)
 Metaspace       used 44869K, committed 45760K, reserved 1114112K
  class space    used 5832K, committed 6208K, reserved 1048576K
}
Event: 43352.482 GC heap after
{Heap after GC invocations=32 (full 0):
 garbage-first heap   total 41984K, used 17374K [0x0000000082a00000, 0x0000000100000000)
  region size 1024K, 1 young (1024K), 1 survivors (1024K)
 Metaspace       used 44869K, committed 45760K, reserved 1114112K
  class space    used 5832K, committed 6208K, reserved 1048576K
}
Event: 46487.679 GC heap before
{Heap before GC invocations=32 (full 0):
 garbage-first heap   total 41984K, used 36830K [0x0000000082a00000, 0x0000000100000000)
  region size 1024K, 20 young (20480K), 1 survivors (1024K)
 Metaspace       used 44871K, committed 45760K, reserved 1114112K
  class space    used 5832K, committed 6208K, reserved 1048576K
}
Event: 46487.813 GC heap after
{Heap after GC invocations=33 (full 0):
 garbage-first heap   total 41984K, used 17456K [0x0000000082a00000, 0x0000000100000000)
  region size 1024K, 1 young (1024K), 1 survivors (1024K)
 Metaspace       used 44871K, committed 45760K, reserved 1114112K
  class space    used 5832K, committed 6208K, reserved 1048576K
}
Event: 49620.025 GC heap before
{Heap before GC invocations=34 (full 0):
 garbage-first heap   total 41984K, used 36912K [0x0000000082a00000, 0x0000000100000000)
  region size 1024K, 20 young (20480K), 1 survivors (1024K)
 Metaspace       used 44867K, committed 45760K, reserved 1114112K
  class space    used 5831K, committed 6208K, reserved 1048576K
}
Event: 49620.320 GC heap after
{Heap after GC invocations=35 (full 0):
 garbage-first heap   total 41984K, used 17481K [0x0000000082a00000, 0x0000000100000000)
  region size 1024K, 1 young (1024K), 1 survivors (1024K)
 Metaspace       used 44867K, committed 45760K, reserved 1114112K
  class space    used 5831K, committed 6208K, reserved 1048576K
}

