# JRE version: Java(TM) SE Runtime Environment (17.0.12+8) (build 17.0.12+8-LTS-286)
# Java VM: Java HotSpot(TM) 64-Bit Server VM (17.0.12+8-LTS-286, mixed mode, emulated-client, sharing, tiered, compressed oops, compressed class ptrs, g1 gc, windows-amd64)
GC Precious Log:
 CPUs: 8 total, 8 available
 Memory: 8022M
 Large Page Support: Disabled
 NUMA Support: Disabled
 Compressed Oops: Enabled (32-bit)
 Heap Region Size: 1M
 Heap Min Capacity: 8M
 Heap Initial Capacity: 126M
 Heap Max Capacity: 2006M
 Pre-touch: Disabled
 Parallel Workers: 8
 Concurrent Workers: 2
 Concurrent Refinement Workers: 8
 Periodic GC: Disabled
Heap:
 garbage-first heap   total 57344K, used 41727K [0x0000000082a00000, 0x0000000100000000)
  region size 1024K, 26 young (26624K), 1 survivors (1024K)
 Metaspace       used 35534K, committed 36032K, reserved 1114112K
  class space    used 4967K, committed 5184K, reserved 1048576K
GC Heap History (20 events):
Event: 7.086 GC heap before
{Heap before GC invocations=8 (full 0):
 garbage-first heap   total 45056K, used 33783K [0x0000000082a00000, 0x0000000100000000)
  region size 1024K, 22 young (22528K), 2 survivors (2048K)
 Metaspace       used 27826K, committed 28288K, reserved 1114112K
  class space    used 3837K, committed 4032K, reserved 1048576K
}
Event: 7.107 GC heap after
{Heap after GC invocations=9 (full 0):
 garbage-first heap   total 57344K, used 14534K [0x0000000082a00000, 0x0000000100000000)
  region size 1024K, 3 young (3072K), 3 survivors (3072K)
 Metaspace       used 27826K, committed 28288K, reserved 1114112K
  class space    used 3837K, committed 4032K, reserved 1048576K
}
Event: 7.949 GC heap before
{Heap before GC invocations=9 (full 0):
 garbage-first heap   total 57344K, used 44230K [0x0000000082a00000, 0x0000000100000000)
  region size 1024K, 32 young (32768K), 3 survivors (3072K)
 Metaspace       used 30537K, committed 31040K, reserved 1114112K
  class space    used 4178K, committed 4416K, reserved 1048576K
}
Event: 7.956 GC heap after
{Heap after GC invocations=10 (full 0):
 garbage-first heap   total 57344K, used 15620K [0x0000000082a00000, 0x0000000100000000)
  region size 1024K, 4 young (4096K), 4 survivors (4096K)
 Metaspace       used 30537K, committed 31040K, reserved 1114112K
  class space    used 4178K, committed 4416K, reserved 1048576K
}
Event: 8.554 GC heap before
{Heap before GC invocations=10 (full 0):
 garbage-first heap   total 57344K, used 42244K [0x0000000082a00000, 0x0000000100000000)
  region size 1024K, 31 young (31744K), 4 survivors (4096K)
 Metaspace       used 33147K, committed 33600K, reserved 1114112K
  class space    used 4571K, committed 4736K, reserved 1048576K
}
Event: 8.560 GC heap after
{Heap after GC invocations=11 (full 0):
 garbage-first heap   total 57344K, used 16496K [0x0000000082a00000, 0x0000000100000000)
  region size 1024K, 3 young (3072K), 3 survivors (3072K)
 Metaspace       used 33147K, committed 33600K, reserved 1114112K
  class space    used 4571K, committed 4736K, reserved 1048576K
}
Event: 9.321 GC heap before
{Heap before GC invocations=11 (full 0):
 garbage-first heap   total 57344K, used 43120K [0x0000000082a00000, 0x0000000100000000)
  region size 1024K, 30 young (30720K), 3 survivors (3072K)
 Metaspace       used 35326K, committed 35840K, reserved 1114112K
  class space    used 4931K, committed 5184K, reserved 1048576K
}
Event: 9.330 GC heap after
{Heap after GC invocations=12 (full 0):
 garbage-first heap   total 57344K, used 17737K [0x0000000082a00000, 0x0000000100000000)
  region size 1024K, 4 young (4096K), 4 survivors (4096K)
 Metaspace       used 35326K, committed 35840K, reserved 1114112K
  class space    used 4931K, committed 5184K, reserved 1048576K
}
Event: 1291.754 GC heap before
{Heap before GC invocations=12 (full 0):
 garbage-first heap   total 57344K, used 44361K [0x0000000082a00000, 0x0000000100000000)
  region size 1024K, 30 young (30720K), 4 survivors (4096K)
 Metaspace       used 35496K, committed 36032K, reserved 1114112K
  class space    used 4960K, committed 5184K, reserved 1048576K
}
Event: 1291.901 GC heap after
{Heap after GC invocations=13 (full 0):
 garbage-first heap   total 57344K, used 17909K [0x0000000082a00000, 0x0000000100000000)
  region size 1024K, 2 young (2048K), 2 survivors (2048K)
 Metaspace       used 35496K, committed 36032K, reserved 1114112K
  class space    used 4960K, committed 5184K, reserved 1048576K
}
Event: 2769.569 GC heap before
{Heap before GC invocations=13 (full 0):
 garbage-first heap   total 57344K, used 45557K [0x0000000082a00000, 0x0000000100000000)
  region size 1024K, 29 young (29696K), 2 survivors (2048K)
 Metaspace       used 35496K, committed 36032K, reserved 1114112K
  class space    used 4960K, committed 5184K, reserved 1048576K
}
Event: 2769.621 GC heap after
{Heap after GC invocations=14 (full 0):
 garbage-first heap   total 57344K, used 17303K [0x0000000082a00000, 0x0000000100000000)
  region size 1024K, 2 young (2048K), 2 survivors (2048K)
 Metaspace       used 35496K, committed 36032K, reserved 1114112K
  class space    used 4960K, committed 5184K, reserved 1048576K
}
Event: 4302.154 GC heap before
{Heap before GC invocations=14 (full 0):
 garbage-first heap   total 57344K, used 45975K [0x0000000082a00000, 0x0000000100000000)
  region size 1024K, 30 young (30720K), 2 survivors (2048K)
 Metaspace       used 35509K, committed 36032K, reserved 1114112K
  class space    used 4961K, committed 5184K, reserved 1048576K
}
Event: 4302.182 GC heap after
{Heap after GC invocations=15 (full 0):
 garbage-first heap   total 57344K, used 17168K [0x0000000082a00000, 0x0000000100000000)
  region size 1024K, 1 young (1024K), 1 survivors (1024K)
 Metaspace       used 35509K, committed 36032K, reserved 1114112K
  class space    used 4961K, committed 5184K, reserved 1048576K
}
Event: 5902.119 GC heap before
{Heap before GC invocations=15 (full 0):
 garbage-first heap   total 57344K, used 46864K [0x0000000082a00000, 0x0000000100000000)
  region size 1024K, 30 young (30720K), 1 survivors (1024K)
 Metaspace       used 35509K, committed 36032K, reserved 1114112K
  class space    used 4961K, committed 5184K, reserved 1048576K
}
Event: 5902.212 GC heap after
{Heap after GC invocations=16 (full 0):
 garbage-first heap   total 57344K, used 17158K [0x0000000082a00000, 0x0000000100000000)
  region size 1024K, 1 young (1024K), 1 survivors (1024K)
 Metaspace       used 35509K, committed 36032K, reserved 1114112K
  class space    used 4961K, committed 5184K, reserved 1048576K
}
Event: 7570.779 GC heap before
{Heap before GC invocations=16 (full 0):
 garbage-first heap   total 57344K, used 47878K [0x0000000082a00000, 0x0000000100000000)
  region size 1024K, 31 young (31744K), 1 survivors (1024K)
 Metaspace       used 35509K, committed 36032K, reserved 1114112K
  class space    used 4961K, committed 5184K, reserved 1048576K
}
Event: 7570.874 GC heap after
{Heap after GC invocations=17 (full 0):
 garbage-first heap   total 57344K, used 17127K [0x0000000082a00000, 0x0000000100000000)
  region size 1024K, 1 young (1024K), 1 survivors (1024K)
 Metaspace       used 35509K, committed 36032K, reserved 1114112K
  class space    used 4961K, committed 5184K, reserved 1048576K
}
Event: 9229.886 GC heap before
{Heap before GC invocations=17 (full 0):
 garbage-first heap   total 57344K, used 47847K [0x0000000082a00000, 0x0000000100000000)
  region size 1024K, 31 young (31744K), 1 survivors (1024K)
 Metaspace       used 35509K, committed 36032K, reserved 1114112K
  class space    used 4961K, committed 5184K, reserved 1048576K
}
Event: 9229.978 GC heap after
{Heap after GC invocations=18 (full 0):
 garbage-first heap   total 57344K, used 17151K [0x0000000082a00000, 0x0000000100000000)
  region size 1024K, 1 young (1024K), 1 survivors (1024K)
 Metaspace       used 35509K, committed 36032K, reserved 1114112K
  class space    used 4961K, committed 5184K, reserved 1048576K
}

